{"name": "test_buy_product_2", "status": "broken", "statusDetails": {"message": "selenium.common.exceptions.TimeoutException: Message: timeout: Timed out receiving message from renderer: 286.137\n  (Session info: chrome=109.0.5414.120)\nStacktrace:\nBacktrace:\n\t(No symbol) [0x00C26643]\n\t(No symbol) [0x00BBBE21]\n\t(No symbol) [0x00ABDA9D]\n\t(No symbol) [0x00AAF55A]\n\t(No symbol) [0x00AAF2D8]\n\t(No symbol) [0x00AADC68]\n\t(No symbol) [0x00AAE647]\n\t(No symbol) [0x00AB8568]\n\t(No symbol) [0x00AC4956]\n\t(No symbol) [0x00AC81C6]\n\t(No symbol) [0x00AAE9F1]\n\t(No symbol) [0x00AC46D5]\n\t(No symbol) [0x00B27057]\n\t(No symbol) [0x00B0FB76]\n\t(No symbol) [0x00AE49C1]\n\t(No symbol) [0x00AE5E5D]\n\tGetHandleVerifier [0x00E9A142+2497106]\n\tGetHandleVerifier [0x00EC85D3+2686691]\n\tGetHandleVerifier [0x00ECBB9C+2700460]\n\tGetHandleVerifier [0x00CD3B10+635936]\n\t(No symbol) [0x00BC4A1F]\n\t(No symbol) [0x00BCA418]\n\t(No symbol) [0x00BCA505]\n\t(No symbol) [0x00BD508B]\n\tBaseThreadInitThunk [0x76E9347D+18]\n\tRtlInitializeExceptionChain [0x77829852+99]\n\tRtlInitializeExceptionChain [0x77829825+54]", "trace": "set_up = None, set_group = None\n\n    @allure.description(\"Test Buy Product 1\")\n    def test_buy_product_2(set_up, set_group):\n        options = Options()\n        options.add_experimental_option('excludeSwitches', ['enable-logging'])\n        driver = webdriver.Chrome(options=options, service=ChromeService(ChromeDriverManager().install()))\n    \n    \n        print(\"Start Test 2\")\n    \n        login = Login_page(driver)\n>       login.authorization()\n\ntests\\test_buy_product.py:47: \n_ _ _ _ _ _ _ _ _ _ _ _ _ _ _ _ _ _ _ _ _ _ _ _ _ _ _ _ _ _ _ _ _ _ _ _ _ _ _ _ _ _ _ _ _ _ _ _ _ _ _ _ _ _ _ _ _ _ _ _ _ _ _ _ _ _ _ _ _ _ _ _ _ _ _ _ _ \npages\\login_pages.py:71: in authorization\n    self.driver.get(self.url)\nc:\\python 3.8\\lib\\site-packages\\selenium\\webdriver\\remote\\webdriver.py:356: in get\n    self.execute(Command.GET, {\"url\": url})\nc:\\python 3.8\\lib\\site-packages\\selenium\\webdriver\\remote\\webdriver.py:347: in execute\n    self.error_handler.check_response(response)\n_ _ _ _ _ _ _ _ _ _ _ _ _ _ _ _ _ _ _ _ _ _ _ _ _ _ _ _ _ _ _ _ _ _ _ _ _ _ _ _ _ _ _ _ _ _ _ _ _ _ _ _ _ _ _ _ _ _ _ _ _ _ _ _ _ _ _ _ _ _ _ _ _ _ _ _ _ \n\nself = <selenium.webdriver.remote.errorhandler.ErrorHandler object at 0x000000000412C400>\nresponse = {'status': 500, 'value': '{\"value\":{\"error\":\"timeout\",\"message\":\"timeout: Timed out receiving message from renderer: 2...x76E9347D+18]\\\\n\\\\tRtlInitializeExceptionChain [0x77829852+99]\\\\n\\\\tRtlInitializeExceptionChain [0x77829825+54]\\\\n\"}}'}\n\n    def check_response(self, response: Dict[str, Any]) -> None:\n        \"\"\"Checks that a JSON response from the WebDriver does not have an\n        error.\n    \n        :Args:\n         - response - The JSON response from the WebDriver server as a dictionary\n           object.\n    \n        :Raises: If the response contains an error message.\n        \"\"\"\n        status = response.get(\"status\", None)\n        if not status or status == ErrorCode.SUCCESS:\n            return\n        value = None\n        message = response.get(\"message\", \"\")\n        screen: str = response.get(\"screen\", \"\")\n        stacktrace = None\n        if isinstance(status, int):\n            value_json = response.get(\"value\", None)\n            if value_json and isinstance(value_json, str):\n                import json\n    \n                try:\n                    value = json.loads(value_json)\n                    if len(value) == 1:\n                        value = value[\"value\"]\n                    status = value.get(\"error\", None)\n                    if not status:\n                        status = value.get(\"status\", ErrorCode.UNKNOWN_ERROR)\n                        message = value.get(\"value\") or value.get(\"message\")\n                        if not isinstance(message, str):\n                            value = message\n                            message = message.get(\"message\")\n                    else:\n                        message = value.get(\"message\", None)\n                except ValueError:\n                    pass\n    \n        exception_class: Type[WebDriverException]\n        e = ErrorCode()\n        error_codes = [item for item in dir(e) if not item.startswith(\"__\")]\n        for error_code in error_codes:\n            error_info = getattr(ErrorCode, error_code)\n            if isinstance(error_info, list) and status in error_info:\n                exception_class = getattr(ExceptionMapping, error_code, WebDriverException)\n                break\n        else:\n            exception_class = WebDriverException\n    \n        if not value:\n            value = response[\"value\"]\n        if isinstance(value, str):\n            raise exception_class(value)\n        if message == \"\" and \"message\" in value:\n            message = value[\"message\"]\n    \n        screen = None  # type: ignore[assignment]\n        if \"screen\" in value:\n            screen = value[\"screen\"]\n    \n        stacktrace = None\n        st_value = value.get(\"stackTrace\") or value.get(\"stacktrace\")\n        if st_value:\n            if isinstance(st_value, str):\n                stacktrace = st_value.split(\"\\n\")\n            else:\n                stacktrace = []\n                try:\n                    for frame in st_value:\n                        line = frame.get(\"lineNumber\", \"\")\n                        file = frame.get(\"fileName\", \"<anonymous>\")\n                        if line:\n                            file = f\"{file}:{line}\"\n                        meth = frame.get(\"methodName\", \"<anonymous>\")\n                        if \"className\" in frame:\n                            meth = f\"{frame['className']}.{meth}\"\n                        msg = \"    at %s (%s)\"\n                        msg = msg % (meth, file)\n                        stacktrace.append(msg)\n                except TypeError:\n                    pass\n        if exception_class == UnexpectedAlertPresentException:\n            alert_text = None\n            if \"data\" in value:\n                alert_text = value[\"data\"].get(\"text\")\n            elif \"alert\" in value:\n                alert_text = value[\"alert\"].get(\"text\")\n            raise exception_class(message, screen, stacktrace, alert_text)  # type: ignore[call-arg]  # mypy is not smart enough here\n>       raise exception_class(message, screen, stacktrace)\nE       selenium.common.exceptions.TimeoutException: Message: timeout: Timed out receiving message from renderer: 286.137\nE         (Session info: chrome=109.0.5414.120)\nE       Stacktrace:\nE       Backtrace:\nE       \t(No symbol) [0x00C26643]\nE       \t(No symbol) [0x00BBBE21]\nE       \t(No symbol) [0x00ABDA9D]\nE       \t(No symbol) [0x00AAF55A]\nE       \t(No symbol) [0x00AAF2D8]\nE       \t(No symbol) [0x00AADC68]\nE       \t(No symbol) [0x00AAE647]\nE       \t(No symbol) [0x00AB8568]\nE       \t(No symbol) [0x00AC4956]\nE       \t(No symbol) [0x00AC81C6]\nE       \t(No symbol) [0x00AAE9F1]\nE       \t(No symbol) [0x00AC46D5]\nE       \t(No symbol) [0x00B27057]\nE       \t(No symbol) [0x00B0FB76]\nE       \t(No symbol) [0x00AE49C1]\nE       \t(No symbol) [0x00AE5E5D]\nE       \tGetHandleVerifier [0x00E9A142+2497106]\nE       \tGetHandleVerifier [0x00EC85D3+2686691]\nE       \tGetHandleVerifier [0x00ECBB9C+2700460]\nE       \tGetHandleVerifier [0x00CD3B10+635936]\nE       \t(No symbol) [0x00BC4A1F]\nE       \t(No symbol) [0x00BCA418]\nE       \t(No symbol) [0x00BCA505]\nE       \t(No symbol) [0x00BD508B]\nE       \tBaseThreadInitThunk [0x76E9347D+18]\nE       \tRtlInitializeExceptionChain [0x77829852+99]\nE       \tRtlInitializeExceptionChain [0x77829825+54]\n\nc:\\python 3.8\\lib\\site-packages\\selenium\\webdriver\\remote\\errorhandler.py:229: TimeoutException"}, "description": "Test Buy Product 1", "steps": [{"name": "Authorization", "status": "broken", "statusDetails": {"message": "selenium.common.exceptions.TimeoutException: Message: timeout: Timed out receiving message from renderer: 286.137\n  (Session info: chrome=109.0.5414.120)\nStacktrace:\nBacktrace:\n\t(No symbol) [0x00C26643]\n\t(No symbol) [0x00BBBE21]\n\t(No symbol) [0x00ABDA9D]\n\t(No symbol) [0x00AAF55A]\n\t(No symbol) [0x00AAF2D8]\n\t(No symbol) [0x00AADC68]\n\t(No symbol) [0x00AAE647]\n\t(No symbol) [0x00AB8568]\n\t(No symbol) [0x00AC4956]\n\t(No symbol) [0x00AC81C6]\n\t(No symbol) [0x00AAE9F1]\n\t(No symbol) [0x00AC46D5]\n\t(No symbol) [0x00B27057]\n\t(No symbol) [0x00B0FB76]\n\t(No symbol) [0x00AE49C1]\n\t(No symbol) [0x00AE5E5D]\n\tGetHandleVerifier [0x00E9A142+2497106]\n\tGetHandleVerifier [0x00EC85D3+2686691]\n\tGetHandleVerifier [0x00ECBB9C+2700460]\n\tGetHandleVerifier [0x00CD3B10+635936]\n\t(No symbol) [0x00BC4A1F]\n\t(No symbol) [0x00BCA418]\n\t(No symbol) [0x00BCA505]\n\t(No symbol) [0x00BD508B]\n\tBaseThreadInitThunk [0x76E9347D+18]\n\tRtlInitializeExceptionChain [0x77829852+99]\n\tRtlInitializeExceptionChain [0x77829825+54]\n\n", "trace": "  File \"C:\\Users\\Серёга\\PycharmProjects\\elmart\\pages\\login_pages.py\", line 71, in authorization\n    self.driver.get(self.url)\n  File \"c:\\python 3.8\\lib\\site-packages\\selenium\\webdriver\\remote\\webdriver.py\", line 356, in get\n    self.execute(Command.GET, {\"url\": url})\n  File \"c:\\python 3.8\\lib\\site-packages\\selenium\\webdriver\\remote\\webdriver.py\", line 347, in execute\n    self.error_handler.check_response(response)\n  File \"c:\\python 3.8\\lib\\site-packages\\selenium\\webdriver\\remote\\errorhandler.py\", line 229, in check_response\n    raise exception_class(message, screen, stacktrace)\n"}, "start": 1721827553854, "stop": 1721827853893}], "attachments": [{"name": "stdout", "source": "477f1d78-114e-42ed-bcd0-bda6862f880b-attachment.txt", "type": "text/plain"}], "start": 1721827541804, "stop": 1721827853957, "uuid": "ced0305b-ce70-48ff-845e-3ea3bd1b305c", "historyId": "af89bf451f7b2569ba8ebd15b136f221", "testCaseId": "af89bf451f7b2569ba8ebd15b136f221", "fullName": "tests.test_buy_product#test_buy_product_2", "labels": [{"name": "parentSuite", "value": "tests"}, {"name": "suite", "value": "test_buy_product"}, {"name": "host", "value": "Serega"}, {"name": "thread", "value": "5664-MainThread"}, {"name": "framework", "value": "pytest"}, {"name": "language", "value": "cpython3"}, {"name": "package", "value": "tests.test_buy_product"}]}